<?xml version="1.0" encoding="UTF-8"?>
<coverage generated="1563313570983" clover="3.2.0">
  <project timestamp="1563313570983" name="All files">
    <metrics statements="28" coveredstatements="28" conditionals="7" coveredconditionals="7" methods="4" coveredmethods="4" elements="39" coveredelements="39" complexity="0" loc="28" ncloc="28" packages="1" files="1" classes="1"/>
    <file name="fizzbuzz.js" path="/Users/nolansmac/dev/few/jester/fizzbuzz.js">
      <metrics statements="28" coveredstatements="28" conditionals="7" coveredconditionals="7" methods="4" coveredmethods="4"/>
      <line num="1" count="1" type="stmt"/>
      <line num="2" count="1" type="stmt"/>
      <line num="3" count="1" type="stmt"/>
      <line num="11" count="33" type="stmt"/>
      <line num="20" count="33" type="stmt"/>
      <line num="30" count="30" type="stmt"/>
      <line num="31" count="30" type="cond" truecount="2" falsecount="0"/>
      <line num="32" count="30" type="cond" truecount="2" falsecount="0"/>
      <line num="33" count="30" type="stmt"/>
      <line num="43" count="4" type="stmt"/>
      <line num="49" count="4" type="stmt"/>
      <line num="50" count="26" type="stmt"/>
      <line num="51" count="26" type="cond" truecount="3" falsecount="0"/>
      <line num="53" count="7" type="stmt"/>
      <line num="54" count="7" type="stmt"/>
      <line num="56" count="3" type="stmt"/>
      <line num="57" count="3" type="stmt"/>
      <line num="59" count="1" type="stmt"/>
      <line num="60" count="1" type="stmt"/>
      <line num="63" count="4" type="stmt"/>
      <line num="66" count="1" type="stmt"/>
      <line num="67" count="1" type="stmt"/>
      <line num="68" count="1" type="stmt"/>
      <line num="69" count="1" type="stmt"/>
      <line num="70" count="1" type="stmt"/>
      <line num="71" count="1" type="stmt"/>
      <line num="72" count="1" type="stmt"/>
      <line num="73" count="1" type="stmt"/>
    </file>
  </project>
</coverage>
