{"/Users/nolansmac/dev/few/jester/fizzbuzz.js": {"path":"/Users/nolansmac/dev/few/jester/fizzbuzz.js","statementMap":{"0":{"start":{"line":1,"column":13},"end":{"line":1,"column":19}},"1":{"start":{"line":2,"column":13},"end":{"line":2,"column":19}},"2":{"start":{"line":3,"column":17},"end":{"line":3,"column":27}},"3":{"start":{"line":11,"column":1},"end":{"line":11,"column":19}},"4":{"start":{"line":20,"column":1},"end":{"line":20,"column":19}},"5":{"start":{"line":30,"column":14},"end":{"line":30,"column":16}},"6":{"start":{"line":31,"column":1},"end":{"line":31,"column":35}},"7":{"start":{"line":31,"column":19},"end":{"line":31,"column":33}},"8":{"start":{"line":32,"column":1},"end":{"line":32,"column":35}},"9":{"start":{"line":32,"column":19},"end":{"line":32,"column":33}},"10":{"start":{"line":33,"column":1},"end":{"line":33,"column":14}},"11":{"start":{"line":43,"column":14},"end":{"line":48,"column":2}},"12":{"start":{"line":49,"column":1},"end":{"line":62,"column":2}},"13":{"start":{"line":49,"column":14},"end":{"line":49,"column":15}},"14":{"start":{"line":50,"column":14},"end":{"line":50,"column":27}},"15":{"start":{"line":51,"column":2},"end":{"line":61,"column":3}},"16":{"start":{"line":53,"column":4},"end":{"line":53,"column":20}},"17":{"start":{"line":54,"column":4},"end":{"line":54,"column":9}},"18":{"start":{"line":56,"column":4},"end":{"line":56,"column":20}},"19":{"start":{"line":57,"column":4},"end":{"line":57,"column":9}},"20":{"start":{"line":59,"column":4},"end":{"line":59,"column":24}},"21":{"start":{"line":60,"column":4},"end":{"line":60,"column":9}},"22":{"start":{"line":63,"column":1},"end":{"line":63,"column":14}},"23":{"start":{"line":66,"column":0},"end":{"line":66,"column":26}},"24":{"start":{"line":67,"column":0},"end":{"line":67,"column":32}},"25":{"start":{"line":68,"column":0},"end":{"line":68,"column":32}},"26":{"start":{"line":69,"column":0},"end":{"line":69,"column":38}},"27":{"start":{"line":70,"column":0},"end":{"line":70,"column":34}},"28":{"start":{"line":71,"column":0},"end":{"line":71,"column":26}},"29":{"start":{"line":72,"column":0},"end":{"line":72,"column":26}},"30":{"start":{"line":73,"column":0},"end":{"line":73,"column":34}}},"fnMap":{"0":{"name":"isFizzy","decl":{"start":{"line":10,"column":9},"end":{"line":10,"column":16}},"loc":{"start":{"line":10,"column":20},"end":{"line":12,"column":1}},"line":10},"1":{"name":"isBuzzy","decl":{"start":{"line":19,"column":9},"end":{"line":19,"column":16}},"loc":{"start":{"line":19,"column":20},"end":{"line":21,"column":1}},"line":19},"2":{"name":"fizzyBuzzy","decl":{"start":{"line":29,"column":9},"end":{"line":29,"column":19}},"loc":{"start":{"line":29,"column":23},"end":{"line":34,"column":1}},"line":29},"3":{"name":"fizzBuzz","decl":{"start":{"line":42,"column":9},"end":{"line":42,"column":17}},"loc":{"start":{"line":42,"column":25},"end":{"line":64,"column":1}},"line":42}},"branchMap":{"0":{"loc":{"start":{"line":31,"column":1},"end":{"line":31,"column":35}},"type":"if","locations":[{"start":{"line":31,"column":1},"end":{"line":31,"column":35}},{"start":{"line":31,"column":1},"end":{"line":31,"column":35}}],"line":31},"1":{"loc":{"start":{"line":32,"column":1},"end":{"line":32,"column":35}},"type":"if","locations":[{"start":{"line":32,"column":1},"end":{"line":32,"column":35}},{"start":{"line":32,"column":1},"end":{"line":32,"column":35}}],"line":32},"2":{"loc":{"start":{"line":51,"column":2},"end":{"line":61,"column":3}},"type":"switch","locations":[{"start":{"line":52,"column":3},"end":{"line":54,"column":9}},{"start":{"line":55,"column":3},"end":{"line":57,"column":9}},{"start":{"line":58,"column":3},"end":{"line":60,"column":9}}],"line":51}},"s":{"0":1,"1":1,"2":1,"3":33,"4":33,"5":30,"6":30,"7":11,"8":30,"9":7,"10":30,"11":4,"12":4,"13":4,"14":26,"15":26,"16":7,"17":7,"18":3,"19":3,"20":1,"21":1,"22":4,"23":1,"24":1,"25":1,"26":1,"27":1,"28":1,"29":1,"30":1},"f":{"0":33,"1":33,"2":30,"3":4},"b":{"0":[11,19],"1":[7,23],"2":[7,3,1]},"_coverageSchema":"43e27e138ebf9cfc5966b082cf9a028302ed4184","hash":"1f091b2fac27142b2dea51a33eae2cd1ecd87ccd"}
}
