TN:
SF:/Users/nolansmac/dev/few/jester/fizzbuzz.js
FN:10,isFizzy
FN:19,isBuzzy
FN:29,fizzyBuzzy
FN:42,fizzBuzz
FNF:4
FNH:4
FNDA:33,isFizzy
FNDA:33,isBuzzy
FNDA:30,fizzyBuzzy
FNDA:4,fizzBuzz
DA:1,1
DA:2,1
DA:3,1
DA:11,33
DA:20,33
DA:30,30
DA:31,30
DA:32,30
DA:33,30
DA:43,4
DA:49,4
DA:50,26
DA:51,26
DA:53,7
DA:54,7
DA:56,3
DA:57,3
DA:59,1
DA:60,1
DA:63,4
DA:66,1
DA:67,1
DA:68,1
DA:69,1
DA:70,1
DA:71,1
DA:72,1
DA:73,1
LF:28
LH:28
BRDA:31,0,0,11
BRDA:31,0,1,19
BRDA:32,1,0,7
BRDA:32,1,1,23
BRDA:51,2,0,7
BRDA:51,2,1,3
BRDA:51,2,2,1
BRF:7
BRH:7
end_of_record
